# JRE version: OpenJDK Runtime Environment (11.0.17+7) (build 11.0.17+7-LTS)
# Java VM: OpenJDK 64-Bit Server VM (11.0.17+7-LTS, mixed mode, tiered, compressed oops, g1 gc, windows-amd64)
Heap:
 garbage-first heap   total 143360K, used 96901K [0x00000000a1e00000, 0x0000000100000000)
  region size 1024K, 78 young (79872K), 7 survivors (7168K)
 Metaspace       used 51859K, capacity 53166K, committed 53328K, reserved 1095680K
  class space    used 6120K, capacity 6635K, committed 6656K, reserved 1048576K
GC Heap History (18 events):
Event: 2.141 GC heap before
{Heap before GC invocations=0 (full 0):
 garbage-first heap   total 98304K, used 24576K [0x00000000a1e00000, 0x0000000100000000)
  region size 1024K, 24 young (24576K), 0 survivors (0K)
 Metaspace       used 10971K, capacity 11143K, committed 11392K, reserved 1058816K
  class space    used 1007K, capacity 1056K, committed 1152K, reserved 1048576K
}
Event: 2.161 GC heap after
{Heap after GC invocations=1 (full 0):
 garbage-first heap   total 98304K, used 9486K [0x00000000a1e00000, 0x0000000100000000)
  region size 1024K, 3 young (3072K), 3 survivors (3072K)
 Metaspace       used 10971K, capacity 11143K, committed 11392K, reserved 1058816K
  class space    used 1007K, capacity 1056K, committed 1152K, reserved 1048576K
}
Event: 3.306 GC heap before
{Heap before GC invocations=1 (full 0):
 garbage-first heap   total 98304K, used 29966K [0x00000000a1e00000, 0x0000000100000000)
  region size 1024K, 23 young (23552K), 3 survivors (3072K)
 Metaspace       used 15834K, capacity 16150K, committed 16384K, reserved 1064960K
  class space    used 1598K, capacity 1717K, committed 1792K, reserved 1048576K
}
Event: 3.320 GC heap after
{Heap after GC invocations=2 (full 0):
 garbage-first heap   total 98304K, used 10686K [0x00000000a1e00000, 0x0000000100000000)
  region size 1024K, 2 young (2048K), 2 survivors (2048K)
 Metaspace       used 15834K, capacity 16150K, committed 16384K, reserved 1064960K
  class space    used 1598K, capacity 1717K, committed 1792K, reserved 1048576K
}
Event: 4.518 GC heap before
{Heap before GC invocations=2 (full 0):
 garbage-first heap   total 98304K, used 42430K [0x00000000a1e00000, 0x0000000100000000)
  region size 1024K, 34 young (34816K), 2 survivors (2048K)
 Metaspace       used 20761K, capacity 21221K, committed 21296K, reserved 1069056K
  class space    used 2265K, capacity 2426K, committed 2432K, reserved 1048576K
}
Event: 4.529 GC heap after
{Heap after GC invocations=3 (full 0):
 garbage-first heap   total 98304K, used 11978K [0x00000000a1e00000, 0x0000000100000000)
  region size 1024K, 3 young (3072K), 3 survivors (3072K)
 Metaspace       used 20761K, capacity 21221K, committed 21296K, reserved 1069056K
  class space    used 2265K, capacity 2426K, committed 2432K, reserved 1048576K
}
Event: 6.029 GC heap before
{Heap before GC invocations=4 (full 0):
 garbage-first heap   total 98304K, used 59082K [0x00000000a1e00000, 0x0000000100000000)
  region size 1024K, 50 young (51200K), 3 survivors (3072K)
 Metaspace       used 27028K, capacity 27626K, committed 27824K, reserved 1073152K
  class space    used 3087K, capacity 3321K, committed 3328K, reserved 1048576K
}
Event: 6.044 GC heap after
{Heap after GC invocations=5 (full 0):
 garbage-first heap   total 98304K, used 13739K [0x00000000a1e00000, 0x0000000100000000)
  region size 1024K, 5 young (5120K), 5 survivors (5120K)
 Metaspace       used 27028K, capacity 27626K, committed 27824K, reserved 1073152K
  class space    used 3087K, capacity 3321K, committed 3328K, reserved 1048576K
}
Event: 8.320 GC heap before
{Heap before GC invocations=5 (full 0):
 garbage-first heap   total 98304K, used 62891K [0x00000000a1e00000, 0x0000000100000000)
  region size 1024K, 54 young (55296K), 5 survivors (5120K)
 Metaspace       used 30533K, capacity 31146K, committed 31408K, reserved 1077248K
  class space    used 3495K, capacity 3748K, committed 3840K, reserved 1048576K
}
Event: 8.341 GC heap after
{Heap after GC invocations=6 (full 0):
 garbage-first heap   total 118784K, used 16810K [0x00000000a1e00000, 0x0000000100000000)
  region size 1024K, 7 young (7168K), 7 survivors (7168K)
 Metaspace       used 30533K, capacity 31146K, committed 31408K, reserved 1077248K
  class space    used 3495K, capacity 3748K, committed 3840K, reserved 1048576K
}
Event: 10.739 GC heap before
{Heap before GC invocations=6 (full 0):
 garbage-first heap   total 118784K, used 80298K [0x00000000a1e00000, 0x0000000100000000)
  region size 1024K, 69 young (70656K), 7 survivors (7168K)
 Metaspace       used 32205K, capacity 32869K, committed 33072K, reserved 1079296K
  class space    used 3647K, capacity 3928K, committed 3968K, reserved 1048576K
}
Event: 10.767 GC heap after
{Heap after GC invocations=7 (full 0):
 garbage-first heap   total 118784K, used 19013K [0x00000000a1e00000, 0x0000000100000000)
  region size 1024K, 6 young (6144K), 6 survivors (6144K)
 Metaspace       used 32205K, capacity 32869K, committed 33072K, reserved 1079296K
  class space    used 3647K, capacity 3928K, committed 3968K, reserved 1048576K
}
Event: 12.127 GC heap before
{Heap before GC invocations=7 (full 0):
 garbage-first heap   total 118784K, used 55877K [0x00000000a1e00000, 0x0000000100000000)
  region size 1024K, 43 young (44032K), 6 survivors (6144K)
 Metaspace       used 35105K, capacity 35779K, committed 35920K, reserved 1081344K
  class space    used 3993K, capacity 4296K, committed 4352K, reserved 1048576K
}
Event: 12.151 GC heap after
{Heap after GC invocations=8 (full 0):
 garbage-first heap   total 118784K, used 19369K [0x00000000a1e00000, 0x0000000100000000)
  region size 1024K, 3 young (3072K), 3 survivors (3072K)
 Metaspace       used 35105K, capacity 35779K, committed 35920K, reserved 1081344K
  class space    used 3993K, capacity 4296K, committed 4352K, reserved 1048576K
}
Event: 16.777 GC heap before
{Heap before GC invocations=9 (full 0):
 garbage-first heap   total 118784K, used 86953K [0x00000000a1e00000, 0x0000000100000000)
  region size 1024K, 69 young (70656K), 3 survivors (3072K)
 Metaspace       used 40154K, capacity 41029K, committed 41296K, reserved 1085440K
  class space    used 4775K, capacity 5104K, committed 5120K, reserved 1048576K
}
Event: 16.805 GC heap after
{Heap after GC invocations=10 (full 0):
 garbage-first heap   total 118784K, used 22112K [0x00000000a1e00000, 0x0000000100000000)
  region size 1024K, 6 young (6144K), 6 survivors (6144K)
 Metaspace       used 40154K, capacity 41029K, committed 41296K, reserved 1085440K
  class space    used 4775K, capacity 5104K, committed 5120K, reserved 1048576K
}
Event: 20.275 GC heap before
{Heap before GC invocations=10 (full 0):
 garbage-first heap   total 118784K, used 86624K [0x00000000a1e00000, 0x0000000100000000)
  region size 1024K, 69 young (70656K), 6 survivors (6144K)
 Metaspace       used 46161K, capacity 47261K, committed 47312K, reserved 1091584K
  class space    used 5522K, capacity 5968K, committed 6016K, reserved 1048576K
}
Event: 20.317 GC heap after
{Heap after GC invocations=11 (full 0):
 garbage-first heap   total 143360K, used 25221K [0x00000000a1e00000, 0x0000000100000000)
  region size 1024K, 7 young (7168K), 7 survivors (7168K)
 Metaspace       used 46161K, capacity 47261K, committed 47312K, reserved 1091584K
  class space    used 5522K, capacity 5968K, committed 6016K, reserved 1048576K
}

