# JRE version: OpenJDK Runtime Environment (11.0.17+7) (build 11.0.17+7-LTS)
# Java VM: OpenJDK 64-Bit Server VM (11.0.17+7-LTS, mixed mode, tiered, compressed oops, g1 gc, windows-amd64)
Heap:
 garbage-first heap   total 253952K, used 166034K [0x00000000a1e00000, 0x0000000100000000)
  region size 1024K, 81 young (82944K), 10 survivors (10240K)
 Metaspace       used 110358K, capacity 113883K, committed 114048K, reserved 1148928K
  class space    used 12804K, capacity 14081K, committed 14208K, reserved 1048576K
GC Heap History (20 events):
Event: 182.919 GC heap before
{Heap before GC invocations=50 (full 0):
 garbage-first heap   total 253952K, used 161493K [0x00000000a1e00000, 0x0000000100000000)
  region size 1024K, 57 young (58368K), 1 survivors (1024K)
 Metaspace       used 48038K, capacity 49553K, committed 49792K, reserved 1093632K
  class space    used 4885K, capacity 5429K, committed 5504K, reserved 1048576K
}
Event: 182.945 GC heap after
{Heap after GC invocations=51 (full 0):
 garbage-first heap   total 253952K, used 106317K [0x00000000a1e00000, 0x0000000100000000)
  region size 1024K, 3 young (3072K), 3 survivors (3072K)
 Metaspace       used 48038K, capacity 49553K, committed 49792K, reserved 1093632K
  class space    used 4885K, capacity 5429K, committed 5504K, reserved 1048576K
}
Event: 194.125 GC heap before
{Heap before GC invocations=51 (full 0):
 garbage-first heap   total 253952K, used 179021K [0x00000000a1e00000, 0x0000000100000000)
  region size 1024K, 74 young (75776K), 3 survivors (3072K)
 Metaspace       used 48301K, capacity 49907K, committed 50048K, reserved 1093632K
  class space    used 4902K, capacity 5499K, committed 5504K, reserved 1048576K
}
Event: 194.152 GC heap after
{Heap after GC invocations=52 (full 0):
 garbage-first heap   total 253952K, used 108156K [0x00000000a1e00000, 0x0000000100000000)
  region size 1024K, 5 young (5120K), 5 survivors (5120K)
 Metaspace       used 48301K, capacity 49907K, committed 50048K, reserved 1093632K
  class space    used 4902K, capacity 5499K, committed 5504K, reserved 1048576K
}
Event: 201.344 GC heap before
{Heap before GC invocations=52 (full 0):
 garbage-first heap   total 253952K, used 159356K [0x00000000a1e00000, 0x0000000100000000)
  region size 1024K, 46 young (47104K), 5 survivors (5120K)
 Metaspace       used 50403K, capacity 52023K, committed 52224K, reserved 1095680K
  class space    used 5170K, capacity 5779K, committed 5888K, reserved 1048576K
}
Event: 201.381 GC heap after
{Heap after GC invocations=53 (full 0):
 garbage-first heap   total 253952K, used 120487K [0x00000000a1e00000, 0x0000000100000000)
  region size 1024K, 7 young (7168K), 7 survivors (7168K)
 Metaspace       used 50403K, capacity 52023K, committed 52224K, reserved 1095680K
  class space    used 5170K, capacity 5779K, committed 5888K, reserved 1048576K
}
Event: 232.332 GC heap before
{Heap before GC invocations=54 (full 0):
 garbage-first heap   total 253952K, used 206503K [0x00000000a1e00000, 0x0000000100000000)
  region size 1024K, 76 young (77824K), 7 survivors (7168K)
 Metaspace       used 55554K, capacity 57346K, committed 57600K, reserved 1099776K
  class space    used 5726K, capacity 6399K, committed 6400K, reserved 1048576K
}
Event: 232.438 GC heap after
{Heap after GC invocations=55 (full 0):
 garbage-first heap   total 253952K, used 115091K [0x00000000a1e00000, 0x0000000100000000)
  region size 1024K, 7 young (7168K), 7 survivors (7168K)
 Metaspace       used 55554K, capacity 57346K, committed 57600K, reserved 1099776K
  class space    used 5726K, capacity 6399K, committed 6400K, reserved 1048576K
}
Event: 233.899 GC heap before
{Heap before GC invocations=55 (full 0):
 garbage-first heap   total 253952K, used 119187K [0x00000000a1e00000, 0x0000000100000000)
  region size 1024K, 12 young (12288K), 7 survivors (7168K)
 Metaspace       used 57561K, capacity 59353K, committed 59520K, reserved 1101824K
  class space    used 5988K, capacity 6667K, committed 6784K, reserved 1048576K
}
Event: 234.061 GC heap after
{Heap after GC invocations=56 (full 0):
 garbage-first heap   total 253952K, used 99459K [0x00000000a1e00000, 0x0000000100000000)
  region size 1024K, 2 young (2048K), 2 survivors (2048K)
 Metaspace       used 57561K, capacity 59353K, committed 59520K, reserved 1101824K
  class space    used 5988K, capacity 6667K, committed 6784K, reserved 1048576K
}
Event: 243.261 GC heap before
{Heap before GC invocations=56 (full 0):
 garbage-first heap   total 253952K, used 176259K [0x00000000a1e00000, 0x0000000100000000)
  region size 1024K, 64 young (65536K), 2 survivors (2048K)
 Metaspace       used 66147K, capacity 68181K, committed 68352K, reserved 1110016K
  class space    used 6852K, capacity 7616K, committed 7680K, reserved 1048576K
}
Event: 243.290 GC heap after
{Heap after GC invocations=57 (full 0):
 garbage-first heap   total 253952K, used 106798K [0x00000000a1e00000, 0x0000000100000000)
  region size 1024K, 5 young (5120K), 5 survivors (5120K)
 Metaspace       used 66147K, capacity 68181K, committed 68352K, reserved 1110016K
  class space    used 6852K, capacity 7616K, committed 7680K, reserved 1048576K
}
Event: 314.069 GC heap before
{Heap before GC invocations=58 (full 0):
 garbage-first heap   total 253952K, used 180526K [0x00000000a1e00000, 0x0000000100000000)
  region size 1024K, 87 young (89088K), 5 survivors (5120K)
 Metaspace       used 75851K, capacity 78664K, committed 78848K, reserved 1120256K
  class space    used 7934K, capacity 8935K, committed 8960K, reserved 1048576K
}
Event: 314.325 GC heap after
{Heap after GC invocations=59 (full 0):
 garbage-first heap   total 253952K, used 103693K [0x00000000a1e00000, 0x0000000100000000)
  region size 1024K, 11 young (11264K), 11 survivors (11264K)
 Metaspace       used 75851K, capacity 78664K, committed 78848K, reserved 1120256K
  class space    used 7934K, capacity 8935K, committed 8960K, reserved 1048576K
}
Event: 315.539 GC heap before
{Heap before GC invocations=59 (full 0):
 garbage-first heap   total 253952K, used 104717K [0x00000000a1e00000, 0x0000000100000000)
  region size 1024K, 12 young (12288K), 11 survivors (11264K)
 Metaspace       used 75933K, capacity 78769K, committed 78848K, reserved 1120256K
  class space    used 7949K, capacity 8949K, committed 8960K, reserved 1048576K
}
Event: 315.674 GC heap after
{Heap after GC invocations=60 (full 0):
 garbage-first heap   total 253952K, used 85407K [0x00000000a1e00000, 0x0000000100000000)
  region size 1024K, 1 young (1024K), 1 survivors (1024K)
 Metaspace       used 75933K, capacity 78769K, committed 78848K, reserved 1120256K
  class space    used 7949K, capacity 8949K, committed 8960K, reserved 1048576K
}
Event: 327.274 GC heap before
{Heap before GC invocations=60 (full 0):
 garbage-first heap   total 253952K, used 184735K [0x00000000a1e00000, 0x0000000100000000)
  region size 1024K, 97 young (99328K), 1 survivors (1024K)
 Metaspace       used 88137K, capacity 91182K, committed 91264K, reserved 1130496K
  class space    used 10007K, capacity 11095K, committed 11136K, reserved 1048576K
}
Event: 327.312 GC heap after
{Heap after GC invocations=61 (full 0):
 garbage-first heap   total 253952K, used 89148K [0x00000000a1e00000, 0x0000000100000000)
  region size 1024K, 5 young (5120K), 5 survivors (5120K)
 Metaspace       used 88137K, capacity 91182K, committed 91264K, reserved 1130496K
  class space    used 10007K, capacity 11095K, committed 11136K, reserved 1048576K
}
Event: 341.005 GC heap before
{Heap before GC invocations=61 (full 0):
 garbage-first heap   total 253952K, used 189500K [0x00000000a1e00000, 0x0000000100000000)
  region size 1024K, 103 young (105472K), 5 survivors (5120K)
 Metaspace       used 101518K, capacity 104935K, committed 105088K, reserved 1140736K
  class space    used 12095K, capacity 13318K, committed 13440K, reserved 1048576K
}
Event: 341.100 GC heap after
{Heap after GC invocations=62 (full 0):
 garbage-first heap   total 253952K, used 94354K [0x00000000a1e00000, 0x0000000100000000)
  region size 1024K, 10 young (10240K), 10 survivors (10240K)
 Metaspace       used 101518K, capacity 104935K, committed 105088K, reserved 1140736K
  class space    used 12095K, capacity 13318K, committed 13440K, reserved 1048576K
}

